[0m08:35:41.389444 [debug] [MainThread]: Sending event: {'category': 'dbt', 'action': 'invocation', 'label': 'start', 'context': [<snowplow_tracker.self_describing_json.SelfDescribingJson object at 0x000001B933110590>, <snowplow_tracker.self_describing_json.SelfDescribingJson object at 0x000001B933110560>, <snowplow_tracker.self_describing_json.SelfDescribingJson object at 0x000001B933111280>]}


============================== 08:35:41.405631 | b0817c79-dc82-4ab5-bfae-98c4f503351c ==============================
[0m08:35:41.405631 [info ] [MainThread]: Running with dbt=1.7.9
[0m08:35:41.405631 [debug] [MainThread]: running dbt with arguments {'printer_width': '80', 'indirect_selection': 'eager', 'write_json': 'True', 'log_cache_events': 'False', 'partial_parse': 'True', 'cache_selected_only': 'False', 'profiles_dir': 'C:\\Users\\vikas\\.dbt', 'fail_fast': 'False', 'warn_error': 'None', 'log_path': 'logs', 'version_check': 'True', 'debug': 'False', 'use_colors': 'True', 'use_experimental_parser': 'False', 'no_print': 'None', 'quiet': 'False', 'warn_error_options': 'WarnErrorOptions(include=[], exclude=[])', 'introspect': 'True', 'static_parser': 'True', 'invocation_command': 'dbt init', 'target_path': 'None', 'log_format': 'default', 'send_anonymous_usage_stats': 'True'}
[0m08:35:43.145648 [debug] [MainThread]: Starter project path: D:\Web_Developement_Base\1_Learning\dbt\ipldbt\venv\Lib\site-packages\dbt\include\starter_project
[0m08:35:43.209948 [info ] [MainThread]: 
Your new dbt project "ipl" was created!

For more information on how to configure the profiles.yml file,
please consult the dbt documentation here:

  https://docs.getdbt.com/docs/configure-your-profile

One more thing:

Need help? Don't hesitate to reach out to us via GitHub issues or on Slack:

  https://community.getdbt.com/

Happy modeling!

[0m08:35:43.213159 [info ] [MainThread]: Setting up your profile.
[0m08:35:46.224137 [info ] [MainThread]: No sample profile found for sqlserver.
[0m08:35:46.224137 [debug] [MainThread]: Command `dbt init` succeeded at 08:35:46.224137 after 5.04 seconds
[0m08:35:46.224137 [debug] [MainThread]: Sending event: {'category': 'dbt', 'action': 'invocation', 'label': 'end', 'context': [<snowplow_tracker.self_describing_json.SelfDescribingJson object at 0x000001B932F92330>, <snowplow_tracker.self_describing_json.SelfDescribingJson object at 0x000001B932CD2F90>, <snowplow_tracker.self_describing_json.SelfDescribingJson object at 0x000001B93345B890>]}
[0m08:35:46.239820 [debug] [MainThread]: Flushing usage events
[0m08:36:31.207026 [debug] [MainThread]: Sending event: {'category': 'dbt', 'action': 'invocation', 'label': 'start', 'context': [<snowplow_tracker.self_describing_json.SelfDescribingJson object at 0x00000161419B8410>, <snowplow_tracker.self_describing_json.SelfDescribingJson object at 0x00000161419B8470>, <snowplow_tracker.self_describing_json.SelfDescribingJson object at 0x00000161419B8620>]}


============================== 08:36:31.222645 | 9bdb4eee-cab9-4ffb-99d3-7633c8d90fa3 ==============================
[0m08:36:31.222645 [info ] [MainThread]: Running with dbt=1.7.9
[0m08:36:31.222645 [debug] [MainThread]: running dbt with arguments {'printer_width': '80', 'indirect_selection': 'eager', 'write_json': 'True', 'log_cache_events': 'False', 'partial_parse': 'True', 'cache_selected_only': 'False', 'warn_error': 'None', 'debug': 'False', 'version_check': 'True', 'log_path': 'logs', 'fail_fast': 'False', 'profiles_dir': '.', 'use_colors': 'True', 'use_experimental_parser': 'False', 'no_print': 'None', 'quiet': 'False', 'warn_error_options': 'WarnErrorOptions(include=[], exclude=[])', 'introspect': 'True', 'invocation_command': 'dbt debug --profiles-dir=.', 'static_parser': 'True', 'target_path': 'None', 'log_format': 'default', 'send_anonymous_usage_stats': 'True'}
[0m08:36:31.222645 [info ] [MainThread]: dbt version: 1.7.9
[0m08:36:31.222645 [info ] [MainThread]: python version: 3.12.1
[0m08:36:31.222645 [info ] [MainThread]: python path: D:\Web_Developement_Base\1_Learning\dbt\ipldbt\venv\Scripts\python.exe
[0m08:36:31.235519 [info ] [MainThread]: os info: Windows-11-10.0.22621-SP0
[0m08:36:31.235716 [info ] [MainThread]: Using profiles dir at .
[0m08:36:31.235716 [info ] [MainThread]: Using profiles.yml file at .\profiles.yml
[0m08:36:31.239727 [info ] [MainThread]: Using dbt_project.yml file at D:\Web_Developement_Base\1_Learning\dbt\ipldbt\dbt_project.yml
[0m08:36:31.240549 [info ] [MainThread]: Configuration:
[0m08:36:31.240549 [info ] [MainThread]:   profiles.yml file [[31mERROR not found[0m]
[0m08:36:31.240549 [info ] [MainThread]:   dbt_project.yml file [[31mERROR not found[0m]
[0m08:36:31.247393 [info ] [MainThread]: Required dependencies:
[0m08:36:31.247393 [debug] [MainThread]: Executing "git --help"
[0m08:36:31.289777 [debug] [MainThread]: STDOUT: "b"usage: git [-v | --version] [-h | --help] [-C <path>] [-c <name>=<value>]\n           [--exec-path[=<path>]] [--html-path] [--man-path] [--info-path]\n           [-p | --paginate | -P | --no-pager] [--no-replace-objects] [--bare]\n           [--git-dir=<path>] [--work-tree=<path>] [--namespace=<name>]\n           [--super-prefix=<path>] [--config-env=<name>=<envvar>]\n           <command> [<args>]\n\nThese are common Git commands used in various situations:\n\nstart a working area (see also: git help tutorial)\n   clone     Clone a repository into a new directory\n   init      Create an empty Git repository or reinitialize an existing one\n\nwork on the current change (see also: git help everyday)\n   add       Add file contents to the index\n   mv        Move or rename a file, a directory, or a symlink\n   restore   Restore working tree files\n   rm        Remove files from the working tree and from the index\n\nexamine the history and state (see also: git help revisions)\n   bisect    Use binary search to find the commit that introduced a bug\n   diff      Show changes between commits, commit and working tree, etc\n   grep      Print lines matching a pattern\n   log       Show commit logs\n   show      Show various types of objects\n   status    Show the working tree status\n\ngrow, mark and tweak your common history\n   branch    List, create, or delete branches\n   commit    Record changes to the repository\n   merge     Join two or more development histories together\n   rebase    Reapply commits on top of another base tip\n   reset     Reset current HEAD to the specified state\n   switch    Switch branches\n   tag       Create, list, delete or verify a tag object signed with GPG\n\ncollaborate (see also: git help workflows)\n   fetch     Download objects and refs from another repository\n   pull      Fetch from and integrate with another repository or a local branch\n   push      Update remote refs along with associated objects\n\n'git help -a' and 'git help -g' list available subcommands and some\nconcept guides. See 'git help <command>' or 'git help <concept>'\nto read about a specific subcommand or concept.\nSee 'git help git' for an overview of the system.\n""
[0m08:36:31.289777 [debug] [MainThread]: STDERR: "b''"
[0m08:36:31.296687 [info ] [MainThread]:  - git [[32mOK found[0m]

[0m08:36:31.297384 [info ] [MainThread]: Connection test skipped since no profile was found
[0m08:36:31.297384 [info ] [MainThread]: [31m2 checks failed:[0m
[0m08:36:31.297384 [info ] [MainThread]: dbt looked for a profiles.yml file in .\profiles.yml, but did
not find one. For more information on configuring your profile, consult the
documentation:

https://docs.getdbt.com/docs/configure-your-profile


[0m08:36:31.303218 [info ] [MainThread]: Project loading failed for the following reason:
 project path <D:\Web_Developement_Base\1_Learning\dbt\ipldbt\dbt_project.yml> not found

[0m08:36:31.304745 [debug] [MainThread]: Command `dbt debug` failed at 08:36:31.304745 after 0.18 seconds
[0m08:36:31.304745 [debug] [MainThread]: Sending event: {'category': 'dbt', 'action': 'invocation', 'label': 'end', 'context': [<snowplow_tracker.self_describing_json.SelfDescribingJson object at 0x00000161418E88C0>, <snowplow_tracker.self_describing_json.SelfDescribingJson object at 0x00000161418C5A60>, <snowplow_tracker.self_describing_json.SelfDescribingJson object at 0x00000161418AC4D0>]}
[0m08:36:31.304745 [debug] [MainThread]: Flushing usage events
[0m09:13:00.369945 [debug] [MainThread]: Sending event: {'category': 'dbt', 'action': 'invocation', 'label': 'start', 'context': [<snowplow_tracker.self_describing_json.SelfDescribingJson object at 0x000001A53ED29A30>, <snowplow_tracker.self_describing_json.SelfDescribingJson object at 0x000001A53ED288C0>, <snowplow_tracker.self_describing_json.SelfDescribingJson object at 0x000001A53ED29B20>]}


============================== 09:13:00.414533 | 92fe38cf-fb40-4ad7-8de8-862c03fb373f ==============================
[0m09:13:00.414533 [info ] [MainThread]: Running with dbt=1.7.9
[0m09:13:00.414533 [debug] [MainThread]: running dbt with arguments {'printer_width': '80', 'indirect_selection': 'eager', 'log_cache_events': 'False', 'write_json': 'True', 'partial_parse': 'True', 'cache_selected_only': 'False', 'profiles_dir': 'C:\\Users\\vikas\\.dbt', 'debug': 'False', 'fail_fast': 'False', 'log_path': 'logs', 'version_check': 'True', 'warn_error': 'None', 'use_colors': 'True', 'use_experimental_parser': 'False', 'no_print': 'None', 'quiet': 'False', 'warn_error_options': 'WarnErrorOptions(include=[], exclude=[])', 'introspect': 'True', 'invocation_command': 'dbt run', 'static_parser': 'True', 'target_path': 'None', 'log_format': 'default', 'send_anonymous_usage_stats': 'True'}
[0m09:13:00.414533 [error] [MainThread]: Encountered an error:
Runtime Error
  No dbt_project.yml found at expected path D:\Web_Developement_Base\1_Learning\dbt\ipldbt\dbt_project.yml
  Verify that each entry within packages.yml (and their transitive dependencies) contains a file named dbt_project.yml
  
[0m09:13:00.414533 [debug] [MainThread]: Command `dbt run` failed at 09:13:00.414533 after 0.16 seconds
[0m09:13:00.414533 [debug] [MainThread]: Sending event: {'category': 'dbt', 'action': 'invocation', 'label': 'end', 'context': [<snowplow_tracker.self_describing_json.SelfDescribingJson object at 0x000001A53EC4E2A0>, <snowplow_tracker.self_describing_json.SelfDescribingJson object at 0x000001A53ED29BB0>, <snowplow_tracker.self_describing_json.SelfDescribingJson object at 0x000001A53ED29D60>]}
[0m09:13:00.414533 [debug] [MainThread]: Flushing usage events
[0m17:50:00.149174 [debug] [MainThread]: Sending event: {'category': 'dbt', 'action': 'invocation', 'label': 'start', 'context': [<snowplow_tracker.self_describing_json.SelfDescribingJson object at 0x000001EDCDA6B080>, <snowplow_tracker.self_describing_json.SelfDescribingJson object at 0x000001EDCDA6BD10>, <snowplow_tracker.self_describing_json.SelfDescribingJson object at 0x000001EDCDA6B320>]}


============================== 17:50:00.258655 | df0b1553-5412-4a99-a9f3-32c5fa920f16 ==============================
[0m17:50:00.258655 [info ] [MainThread]: Running with dbt=1.7.9
[0m17:50:00.260387 [debug] [MainThread]: running dbt with arguments {'printer_width': '80', 'indirect_selection': 'eager', 'log_cache_events': 'False', 'write_json': 'True', 'partial_parse': 'True', 'cache_selected_only': 'False', 'warn_error': 'None', 'fail_fast': 'False', 'profiles_dir': 'C:\\Users\\vikas\\.dbt', 'log_path': 'logs', 'debug': 'False', 'version_check': 'True', 'use_colors': 'True', 'use_experimental_parser': 'False', 'no_print': 'None', 'quiet': 'False', 'log_format': 'default', 'introspect': 'True', 'static_parser': 'True', 'invocation_command': 'dbt run --model +batting_stats.sql', 'target_path': 'None', 'warn_error_options': 'WarnErrorOptions(include=[], exclude=[])', 'send_anonymous_usage_stats': 'True'}
[0m17:50:00.260387 [error] [MainThread]: Encountered an error:
Runtime Error
  No dbt_project.yml found at expected path D:\Web_Developement_Base\1_Learning\dbt\ipldbt\dbt_project.yml
  Verify that each entry within packages.yml (and their transitive dependencies) contains a file named dbt_project.yml
  
[0m17:50:00.260387 [debug] [MainThread]: Command `dbt run` failed at 17:50:00.260387 after 0.30 seconds
[0m17:50:00.260387 [debug] [MainThread]: Sending event: {'category': 'dbt', 'action': 'invocation', 'label': 'end', 'context': [<snowplow_tracker.self_describing_json.SelfDescribingJson object at 0x000001EDCD970950>, <snowplow_tracker.self_describing_json.SelfDescribingJson object at 0x000001EDCD68F080>, <snowplow_tracker.self_describing_json.SelfDescribingJson object at 0x000001EDCDA93B60>]}
[0m17:50:00.260387 [debug] [MainThread]: Flushing usage events
